# JRE version: Java(TM) SE Runtime Environment (7.0_45-b18) (build 1.7.0_45-b18)
# Java VM: Java HotSpot(TM) 64-Bit Server VM (24.45-b08 mixed mode windows-amd64 compressed oops)
Heap
 PSYoungGen      total 103936K, used 11291K [0x00000000e0a00000, 0x00000000e7300000, 0x0000000100000000)
  eden space 100352K, 8% used [0x00000000e0a00000,0x00000000e11e2200,0x00000000e6c00000)
  from space 3584K, 89% used [0x00000000e6f80000,0x00000000e72a4d10,0x00000000e7300000)
  to   space 3584K, 0% used [0x00000000e6c00000,0x00000000e6c00000,0x00000000e6f80000)
 ParOldGen       total 64000K, used 6141K [0x00000000a1e00000, 0x00000000a5c80000, 0x00000000e0a00000)
  object space 64000K, 9% used [0x00000000a1e00000,0x00000000a23ff458,0x00000000a5c80000)
 PSPermGen       total 21504K, used 11361K [0x000000009cc00000, 0x000000009e100000, 0x00000000a1e00000)
  object space 21504K, 52% used [0x000000009cc00000,0x000000009d7186d8,0x000000009e100000)
GC Heap History (10 events):
Event: 8.184 GC heap before
{Heap before GC invocations=2 (full 0):
 PSYoungGen      total 28672K, used 28499K [0x00000000e0a00000, 0x00000000e2980000, 0x0000000100000000)
  eden space 25088K, 100% used [0x00000000e0a00000,0x00000000e2280000,0x00000000e2280000)
  from space 3584K, 95% used [0x00000000e2280000,0x00000000e25d4d10,0x00000000e2600000)
  to   space 3584K, 0% used [0x00000000e2600000,0x00000000e2600000,0x00000000e2980000)
 ParOldGen       total 64000K, used 3054K [0x00000000a1e00000, 0x00000000a5c80000, 0x00000000e0a00000)
  object space 64000K, 4% used [0x00000000a1e00000,0x00000000a20fba20,0x00000000a5c80000)
 PSPermGen       total 21504K, used 11251K [0x000000009cc00000, 0x000000009e100000, 0x00000000a1e00000)
  object space 21504K, 52% used [0x000000009cc00000,0x000000009d6fcc30,0x000000009e100000)
Event: 8.206 GC heap after
Heap after GC invocations=2 (full 0):
 PSYoungGen      total 28672K, used 3219K [0x00000000e0a00000, 0x00000000e2980000, 0x0000000100000000)
  eden space 25088K, 0% used [0x00000000e0a00000,0x00000000e0a00000,0x00000000e2280000)
  from space 3584K, 89% used [0x00000000e2600000,0x00000000e2924d10,0x00000000e2980000)
  to   space 3584K, 0% used [0x00000000e2280000,0x00000000e2280000,0x00000000e2600000)
 ParOldGen       total 64000K, used 3062K [0x00000000a1e00000, 0x00000000a5c80000, 0x00000000e0a00000)
  object space 64000K, 4% used [0x00000000a1e00000,0x00000000a20fda20,0x00000000a5c80000)
 PSPermGen       total 21504K, used 11251K [0x000000009cc00000, 0x000000009e100000, 0x00000000a1e00000)
  object space 21504K, 52% used [0x000000009cc00000,0x000000009d6fcc30,0x000000009e100000)
}
Event: 8.970 GC heap before
{Heap before GC invocations=3 (full 0):
 PSYoungGen      total 28672K, used 28307K [0x00000000e0a00000, 0x00000000e2980000, 0x0000000100000000)
  eden space 25088K, 100% used [0x00000000e0a00000,0x00000000e2280000,0x00000000e2280000)
  from space 3584K, 89% used [0x00000000e2600000,0x00000000e2924d10,0x00000000e2980000)
  to   space 3584K, 0% used [0x00000000e2280000,0x00000000e2280000,0x00000000e2600000)
 ParOldGen       total 64000K, used 3062K [0x00000000a1e00000, 0x00000000a5c80000, 0x00000000e0a00000)
  object space 64000K, 4% used [0x00000000a1e00000,0x00000000a20fda20,0x00000000a5c80000)
 PSPermGen       total 21504K, used 11261K [0x000000009cc00000, 0x000000009e100000, 0x00000000a1e00000)
  object space 21504K, 52% used [0x000000009cc00000,0x000000009d6ff780,0x000000009e100000)
Event: 8.984 GC heap after
Heap after GC invocations=3 (full 0):
 PSYoungGen      total 28672K, used 3219K [0x00000000e0a00000, 0x00000000e4200000, 0x0000000100000000)
  eden space 25088K, 0% used [0x00000000e0a00000,0x00000000e0a00000,0x00000000e2280000)
  from space 3584K, 89% used [0x00000000e2280000,0x00000000e25a4d10,0x00000000e2600000)
  to   space 3584K, 0% used [0x00000000e3e80000,0x00000000e3e80000,0x00000000e4200000)
 ParOldGen       total 64000K, used 3070K [0x00000000a1e00000, 0x00000000a5c80000, 0x00000000e0a00000)
  object space 64000K, 4% used [0x00000000a1e00000,0x00000000a20ffa20,0x00000000a5c80000)
 PSPermGen       total 21504K, used 11261K [0x000000009cc00000, 0x000000009e100000, 0x00000000a1e00000)
  object space 21504K, 52% used [0x000000009cc00000,0x000000009d6ff780,0x000000009e100000)
}
Event: 9.543 GC heap before
{Heap before GC invocations=4 (full 0):
 PSYoungGen      total 28672K, used 28307K [0x00000000e0a00000, 0x00000000e4200000, 0x0000000100000000)
  eden space 25088K, 100% used [0x00000000e0a00000,0x00000000e2280000,0x00000000e2280000)
  from space 3584K, 89% used [0x00000000e2280000,0x00000000e25a4d10,0x00000000e2600000)
  to   space 3584K, 0% used [0x00000000e3e80000,0x00000000e3e80000,0x00000000e4200000)
 ParOldGen       total 64000K, used 3070K [0x00000000a1e00000, 0x00000000a5c80000, 0x00000000e0a00000)
  object space 64000K, 4% used [0x00000000a1e00000,0x00000000a20ffa20,0x00000000a5c80000)
 PSPermGen       total 21504K, used 11270K [0x000000009cc00000, 0x000000009e100000, 0x00000000a1e00000)
  object space 21504K, 52% used [0x000000009cc00000,0x000000009d701870,0x000000009e100000)
Event: 9.557 GC heap after
Heap after GC invocations=4 (full 0):
 PSYoungGen      total 53760K, used 3219K [0x00000000e0a00000, 0x00000000e4200000, 0x0000000100000000)
  eden space 50176K, 0% used [0x00000000e0a00000,0x00000000e0a00000,0x00000000e3b00000)
  from space 3584K, 89% used [0x00000000e3e80000,0x00000000e41a4d10,0x00000000e4200000)
  to   space 3584K, 0% used [0x00000000e3b00000,0x00000000e3b00000,0x00000000e3e80000)
 ParOldGen       total 64000K, used 3078K [0x00000000a1e00000, 0x00000000a5c80000, 0x00000000e0a00000)
  object space 64000K, 4% used [0x00000000a1e00000,0x00000000a2101a20,0x00000000a5c80000)
 PSPermGen       total 21504K, used 11270K [0x000000009cc00000, 0x000000009e100000, 0x00000000a1e00000)
  object space 21504K, 52% used [0x000000009cc00000,0x000000009d701870,0x000000009e100000)
}
Event: 11.062 GC heap before
{Heap before GC invocations=5 (full 0):
 PSYoungGen      total 53760K, used 53395K [0x00000000e0a00000, 0x00000000e4200000, 0x0000000100000000)
  eden space 50176K, 100% used [0x00000000e0a00000,0x00000000e3b00000,0x00000000e3b00000)
  from space 3584K, 89% used [0x00000000e3e80000,0x00000000e41a4d10,0x00000000e4200000)
  to   space 3584K, 0% used [0x00000000e3b00000,0x00000000e3b00000,0x00000000e3e80000)
 ParOldGen       total 64000K, used 3078K [0x00000000a1e00000, 0x00000000a5c80000, 0x00000000e0a00000)
  object space 64000K, 4% used [0x00000000a1e00000,0x00000000a2101a20,0x00000000a5c80000)
 PSPermGen       total 21504K, used 11287K [0x000000009cc00000, 0x000000009e100000, 0x00000000a1e00000)
  object space 21504K, 52% used [0x000000009cc00000,0x000000009d705e90,0x000000009e100000)
Event: 11.087 GC heap after
Heap after GC invocations=5 (full 0):
 PSYoungGen      total 53760K, used 3219K [0x00000000e0a00000, 0x00000000e7300000, 0x0000000100000000)
  eden space 50176K, 0% used [0x00000000e0a00000,0x00000000e0a00000,0x00000000e3b00000)
  from space 3584K, 89% used [0x00000000e3b00000,0x00000000e3e24d10,0x00000000e3e80000)
  to   space 3584K, 0% used [0x00000000e6f80000,0x00000000e6f80000,0x00000000e7300000)
 ParOldGen       total 64000K, used 6133K [0x00000000a1e00000, 0x00000000a5c80000, 0x00000000e0a00000)
  object space 64000K, 9% used [0x00000000a1e00000,0x00000000a23fd440,0x00000000a5c80000)
 PSPermGen       total 21504K, used 11287K [0x000000009cc00000, 0x000000009e100000, 0x00000000a1e00000)
  object space 21504K, 52% used [0x000000009cc00000,0x000000009d705e90,0x000000009e100000)
}
Event: 12.501 GC heap before
{Heap before GC invocations=6 (full 0):
 PSYoungGen      total 53760K, used 53395K [0x00000000e0a00000, 0x00000000e7300000, 0x0000000100000000)
  eden space 50176K, 100% used [0x00000000e0a00000,0x00000000e3b00000,0x00000000e3b00000)
  from space 3584K, 89% used [0x00000000e3b00000,0x00000000e3e24d10,0x00000000e3e80000)
  to   space 3584K, 0% used [0x00000000e6f80000,0x00000000e6f80000,0x00000000e7300000)
 ParOldGen       total 64000K, used 6133K [0x00000000a1e00000, 0x00000000a5c80000, 0x00000000e0a00000)
  object space 64000K, 9% used [0x00000000a1e00000,0x00000000a23fd458,0x00000000a5c80000)
 PSPermGen       total 21504K, used 11360K [0x000000009cc00000, 0x000000009e100000, 0x00000000a1e00000)
  object space 21504K, 52% used [0x000000009cc00000,0x000000009d718128,0x000000009e100000)
Event: 12.523 GC heap after
Heap after GC invocations=6 (full 0):
 PSYoungGen      total 103936K, used 3219K [0x00000000e0a00000, 0x00000000e7300000, 0x0000000100000000)
  eden space 100352K, 0% used [0x00000000e0a00000,0x00000000e0a00000,0x00000000e6c00000)
  from space 3584K, 89% used [0x00000000e6f80000,0x00000000e72a4d10,0x00000000e7300000)
  to   space 3584K, 0% used [0x00000000e6c00000,0x00000000e6c00000,0x00000000e6f80000)
 ParOldGen       total 64000K, used 6141K [0x00000000a1e00000, 0x00000000a5c80000, 0x00000000e0a00000)
  object space 64000K, 9% used [0x00000000a1e00000,0x00000000a23ff458,0x00000000a5c80000)
 PSPermGen       total 21504K, used 11360K [0x000000009cc00000, 0x000000009e100000, 0x00000000a1e00000)
  object space 21504K, 52% used [0x000000009cc00000,0x000000009d718128,0x000000009e100000)
}

