# JRE version: Java(TM) SE Runtime Environment (7.0_45-b18) (build 1.7.0_45-b18)
# Java VM: Java HotSpot(TM) 64-Bit Server VM (24.45-b08 mixed mode windows-amd64 compressed oops)
Heap
 PSYoungGen      total 53760K, used 41629K [0x00000000e0a00000, 0x00000000e4200000, 0x0000000100000000)
  eden space 50176K, 76% used [0x00000000e0a00000,0x00000000e2f8a8a0,0x00000000e3b00000)
  from space 3584K, 88% used [0x00000000e3e80000,0x00000000e419cd10,0x00000000e4200000)
  to   space 3584K, 0% used [0x00000000e3b00000,0x00000000e3b00000,0x00000000e3e80000)
 ParOldGen       total 64000K, used 48K [0x00000000a1e00000, 0x00000000a5c80000, 0x00000000e0a00000)
  object space 64000K, 0% used [0x00000000a1e00000,0x00000000a1e0c000,0x00000000a5c80000)
 PSPermGen       total 21504K, used 11343K [0x000000009cc00000, 0x000000009e100000, 0x00000000a1e00000)
  object space 21504K, 52% used [0x000000009cc00000,0x000000009d713dd0,0x000000009e100000)
GC Heap History (10 events):
Event: 8.594 GC heap before
{Heap before GC invocations=2 (full 0):
 PSYoungGen      total 28672K, used 28467K [0x00000000e0a00000, 0x00000000e2980000, 0x0000000100000000)
  eden space 25088K, 100% used [0x00000000e0a00000,0x00000000e2280000,0x00000000e2280000)
  from space 3584K, 94% used [0x00000000e2280000,0x00000000e25ccd30,0x00000000e2600000)
  to   space 3584K, 0% used [0x00000000e2600000,0x00000000e2600000,0x00000000e2980000)
 ParOldGen       total 64000K, used 8K [0x00000000a1e00000, 0x00000000a5c80000, 0x00000000e0a00000)
  object space 64000K, 0% used [0x00000000a1e00000,0x00000000a1e02000,0x00000000a5c80000)
 PSPermGen       total 21504K, used 11253K [0x000000009cc00000, 0x000000009e100000, 0x00000000a1e00000)
  object space 21504K, 52% used [0x000000009cc00000,0x000000009d6fd530,0x000000009e100000)
Event: 8.613 GC heap after
Heap after GC invocations=2 (full 0):
 PSYoungGen      total 28672K, used 3219K [0x00000000e0a00000, 0x00000000e2980000, 0x0000000100000000)
  eden space 25088K, 0% used [0x00000000e0a00000,0x00000000e0a00000,0x00000000e2280000)
  from space 3584K, 89% used [0x00000000e2600000,0x00000000e2924d10,0x00000000e2980000)
  to   space 3584K, 0% used [0x00000000e2280000,0x00000000e2280000,0x00000000e2600000)
 ParOldGen       total 64000K, used 16K [0x00000000a1e00000, 0x00000000a5c80000, 0x00000000e0a00000)
  object space 64000K, 0% used [0x00000000a1e00000,0x00000000a1e04000,0x00000000a5c80000)
 PSPermGen       total 21504K, used 11253K [0x000000009cc00000, 0x000000009e100000, 0x00000000a1e00000)
  object space 21504K, 52% used [0x000000009cc00000,0x000000009d6fd530,0x000000009e100000)
}
Event: 9.374 GC heap before
{Heap before GC invocations=3 (full 0):
 PSYoungGen      total 28672K, used 28307K [0x00000000e0a00000, 0x00000000e2980000, 0x0000000100000000)
  eden space 25088K, 100% used [0x00000000e0a00000,0x00000000e2280000,0x00000000e2280000)
  from space 3584K, 89% used [0x00000000e2600000,0x00000000e2924d10,0x00000000e2980000)
  to   space 3584K, 0% used [0x00000000e2280000,0x00000000e2280000,0x00000000e2600000)
 ParOldGen       total 64000K, used 16K [0x00000000a1e00000, 0x00000000a5c80000, 0x00000000e0a00000)
  object space 64000K, 0% used [0x00000000a1e00000,0x00000000a1e04000,0x00000000a5c80000)
 PSPermGen       total 21504K, used 11266K [0x000000009cc00000, 0x000000009e100000, 0x00000000a1e00000)
  object space 21504K, 52% used [0x000000009cc00000,0x000000009d700aa0,0x000000009e100000)
Event: 9.388 GC heap after
Heap after GC invocations=3 (full 0):
 PSYoungGen      total 28672K, used 3187K [0x00000000e0a00000, 0x00000000e2980000, 0x0000000100000000)
  eden space 25088K, 0% used [0x00000000e0a00000,0x00000000e0a00000,0x00000000e2280000)
  from space 3584K, 88% used [0x00000000e2280000,0x00000000e259cd10,0x00000000e2600000)
  to   space 3584K, 0% used [0x00000000e2600000,0x00000000e2600000,0x00000000e2980000)
 ParOldGen       total 64000K, used 24K [0x00000000a1e00000, 0x00000000a5c80000, 0x00000000e0a00000)
  object space 64000K, 0% used [0x00000000a1e00000,0x00000000a1e06000,0x00000000a5c80000)
 PSPermGen       total 21504K, used 11266K [0x000000009cc00000, 0x000000009e100000, 0x00000000a1e00000)
  object space 21504K, 52% used [0x000000009cc00000,0x000000009d700aa0,0x000000009e100000)
}
Event: 10.018 GC heap before
{Heap before GC invocations=4 (full 0):
 PSYoungGen      total 28672K, used 28275K [0x00000000e0a00000, 0x00000000e2980000, 0x0000000100000000)
  eden space 25088K, 100% used [0x00000000e0a00000,0x00000000e2280000,0x00000000e2280000)
  from space 3584K, 88% used [0x00000000e2280000,0x00000000e259cd10,0x00000000e2600000)
  to   space 3584K, 0% used [0x00000000e2600000,0x00000000e2600000,0x00000000e2980000)
 ParOldGen       total 64000K, used 24K [0x00000000a1e00000, 0x00000000a5c80000, 0x00000000e0a00000)
  object space 64000K, 0% used [0x00000000a1e00000,0x00000000a1e06000,0x00000000a5c80000)
 PSPermGen       total 21504K, used 11271K [0x000000009cc00000, 0x000000009e100000, 0x00000000a1e00000)
  object space 21504K, 52% used [0x000000009cc00000,0x000000009d701d78,0x000000009e100000)
Event: 10.031 GC heap after
Heap after GC invocations=4 (full 0):
 PSYoungGen      total 28672K, used 3187K [0x00000000e0a00000, 0x00000000e4200000, 0x0000000100000000)
  eden space 25088K, 0% used [0x00000000e0a00000,0x00000000e0a00000,0x00000000e2280000)
  from space 3584K, 88% used [0x00000000e2600000,0x00000000e291cd10,0x00000000e2980000)
  to   space 3584K, 0% used [0x00000000e2280000,0x00000000e2280000,0x00000000e2600000)
 ParOldGen       total 64000K, used 32K [0x00000000a1e00000, 0x00000000a5c80000, 0x00000000e0a00000)
  object space 64000K, 0% used [0x00000000a1e00000,0x00000000a1e08000,0x00000000a5c80000)
 PSPermGen       total 21504K, used 11271K [0x000000009cc00000, 0x000000009e100000, 0x00000000a1e00000)
  object space 21504K, 52% used [0x000000009cc00000,0x000000009d701d78,0x000000009e100000)
}
Event: 10.806 GC heap before
{Heap before GC invocations=5 (full 0):
 PSYoungGen      total 28672K, used 28275K [0x00000000e0a00000, 0x00000000e4200000, 0x0000000100000000)
  eden space 25088K, 100% used [0x00000000e0a00000,0x00000000e2280000,0x00000000e2280000)
  from space 3584K, 88% used [0x00000000e2600000,0x00000000e291cd10,0x00000000e2980000)
  to   space 3584K, 0% used [0x00000000e2280000,0x00000000e2280000,0x00000000e2600000)
 ParOldGen       total 64000K, used 32K [0x00000000a1e00000, 0x00000000a5c80000, 0x00000000e0a00000)
  object space 64000K, 0% used [0x00000000a1e00000,0x00000000a1e08000,0x00000000a5c80000)
 PSPermGen       total 21504K, used 11284K [0x000000009cc00000, 0x000000009e100000, 0x00000000a1e00000)
  object space 21504K, 52% used [0x000000009cc00000,0x000000009d705168,0x000000009e100000)
Event: 10.820 GC heap after
Heap after GC invocations=5 (full 0):
 PSYoungGen      total 28672K, used 3219K [0x00000000e0a00000, 0x00000000e4200000, 0x0000000100000000)
  eden space 25088K, 0% used [0x00000000e0a00000,0x00000000e0a00000,0x00000000e2280000)
  from space 3584K, 89% used [0x00000000e2280000,0x00000000e25a4d10,0x00000000e2600000)
  to   space 3584K, 0% used [0x00000000e3e80000,0x00000000e3e80000,0x00000000e4200000)
 ParOldGen       total 64000K, used 40K [0x00000000a1e00000, 0x00000000a5c80000, 0x00000000e0a00000)
  object space 64000K, 0% used [0x00000000a1e00000,0x00000000a1e0a000,0x00000000a5c80000)
 PSPermGen       total 21504K, used 11284K [0x000000009cc00000, 0x000000009e100000, 0x00000000a1e00000)
  object space 21504K, 52% used [0x000000009cc00000,0x000000009d705168,0x000000009e100000)
}
Event: 11.571 GC heap before
{Heap before GC invocations=6 (full 0):
 PSYoungGen      total 28672K, used 28307K [0x00000000e0a00000, 0x00000000e4200000, 0x0000000100000000)
  eden space 25088K, 100% used [0x00000000e0a00000,0x00000000e2280000,0x00000000e2280000)
  from space 3584K, 89% used [0x00000000e2280000,0x00000000e25a4d10,0x00000000e2600000)
  to   space 3584K, 0% used [0x00000000e3e80000,0x00000000e3e80000,0x00000000e4200000)
 ParOldGen       total 64000K, used 40K [0x00000000a1e00000, 0x00000000a5c80000, 0x00000000e0a00000)
  object space 64000K, 0% used [0x00000000a1e00000,0x00000000a1e0a000,0x00000000a5c80000)
 PSPermGen       total 21504K, used 11323K [0x000000009cc00000, 0x000000009e100000, 0x00000000a1e00000)
  object space 21504K, 52% used [0x000000009cc00000,0x000000009d70ed50,0x000000009e100000)
Event: 11.587 GC heap after
Heap after GC invocations=6 (full 0):
 PSYoungGen      total 53760K, used 3187K [0x00000000e0a00000, 0x00000000e4200000, 0x0000000100000000)
  eden space 50176K, 0% used [0x00000000e0a00000,0x00000000e0a00000,0x00000000e3b00000)
  from space 3584K, 88% used [0x00000000e3e80000,0x00000000e419cd10,0x00000000e4200000)
  to   space 3584K, 0% used [0x00000000e3b00000,0x00000000e3b00000,0x00000000e3e80000)
 ParOldGen       total 64000K, used 48K [0x00000000a1e00000, 0x00000000a5c80000, 0x00000000e0a00000)
  object space 64000K, 0% used [0x00000000a1e00000,0x00000000a1e0c000,0x00000000a5c80000)
 PSPermGen       total 21504K, used 11323K [0x000000009cc00000, 0x000000009e100000, 0x00000000a1e00000)
  object space 21504K, 52% used [0x000000009cc00000,0x000000009d70ed50,0x000000009e100000)
}

